2023-03-10T10:59:17.276+05:30  INFO 15896 --- [restartedMain] com.Vedika.VedikaApplication             : Starting VedikaApplication using Java 17.0.2 with PID 15896 (C:\Users\Ratnesh Mishra\Desktop\Vedika Project\target\classes started by Ratnesh Mishra in C:\Users\Ratnesh Mishra\Desktop\Vedika Project)
2023-03-10T10:59:17.288+05:30  INFO 15896 --- [restartedMain] com.Vedika.VedikaApplication             : No active profile set, falling back to 1 default profile: "default"
2023-03-10T10:59:17.360+05:30  INFO 15896 --- [restartedMain] .e.DevToolsPropertyDefaultsPostProcessor : Devtools property defaults active! Set 'spring.devtools.add-properties' to 'false' to disable
2023-03-10T10:59:17.361+05:30  INFO 15896 --- [restartedMain] .e.DevToolsPropertyDefaultsPostProcessor : For additional web related logging consider setting the 'logging.level.web' property to 'DEBUG'
2023-03-10T10:59:18.992+05:30  INFO 15896 --- [restartedMain] .s.d.r.c.RepositoryConfigurationDelegate : Bootstrapping Spring Data JPA repositories in DEFAULT mode.
2023-03-10T10:59:19.060+05:30  INFO 15896 --- [restartedMain] .s.d.r.c.RepositoryConfigurationDelegate : Finished Spring Data repository scanning in 59 ms. Found 3 JPA repository interfaces.
2023-03-10T10:59:19.700+05:30  INFO 15896 --- [restartedMain] o.s.b.w.embedded.tomcat.TomcatWebServer  : Tomcat initialized with port(s): 8080 (http)
2023-03-10T10:59:19.710+05:30  INFO 15896 --- [restartedMain] o.apache.catalina.core.StandardService   : Starting service [Tomcat]
2023-03-10T10:59:19.711+05:30  INFO 15896 --- [restartedMain] o.apache.catalina.core.StandardEngine    : Starting Servlet engine: [Apache Tomcat/10.1.5]
2023-03-10T10:59:19.769+05:30  INFO 15896 --- [restartedMain] o.a.c.c.C.[Tomcat].[localhost].[/]       : Initializing Spring embedded WebApplicationContext
2023-03-10T10:59:19.770+05:30  INFO 15896 --- [restartedMain] w.s.c.ServletWebServerApplicationContext : Root WebApplicationContext: initialization completed in 2407 ms
2023-03-10T10:59:19.856+05:30  INFO 15896 --- [restartedMain] com.zaxxer.hikari.HikariDataSource       : HikariPool-1 - Starting...
2023-03-10T10:59:20.154+05:30  INFO 15896 --- [restartedMain] com.zaxxer.hikari.pool.HikariPool        : HikariPool-1 - Added connection conn0: url=jdbc:h2:./src/main/resources/users user=ADMIN
2023-03-10T10:59:20.157+05:30  INFO 15896 --- [restartedMain] com.zaxxer.hikari.HikariDataSource       : HikariPool-1 - Start completed.
2023-03-10T10:59:20.167+05:30  INFO 15896 --- [restartedMain] o.s.b.a.h2.H2ConsoleAutoConfiguration    : H2 console available at '/h2-console'. Database available at 'jdbc:h2:./src/main/resources/users'
2023-03-10T10:59:20.321+05:30  INFO 15896 --- [restartedMain] o.hibernate.jpa.internal.util.LogHelper  : HHH000204: Processing PersistenceUnitInfo [name: default]
2023-03-10T10:59:20.429+05:30  INFO 15896 --- [restartedMain] org.hibernate.Version                    : HHH000412: Hibernate ORM core version 6.1.7.Final
2023-03-10T10:59:20.724+05:30  INFO 15896 --- [restartedMain] SQL dialect                              : HHH000400: Using dialect: org.hibernate.dialect.H2Dialect
2023-03-10T10:59:21.561+05:30  INFO 15896 --- [restartedMain] o.h.e.t.j.p.i.JtaPlatformInitiator       : HHH000490: Using JtaPlatform implementation: [org.hibernate.engine.transaction.jta.platform.internal.NoJtaPlatform]
2023-03-10T10:59:21.570+05:30  INFO 15896 --- [restartedMain] j.LocalContainerEntityManagerFactoryBean : Initialized JPA EntityManagerFactory for persistence unit 'default'
2023-03-10T10:59:21.583+05:30  WARN 15896 --- [restartedMain] ConfigServletWebServerApplicationContext : Exception encountered during context initialization - cancelling refresh attempt: org.springframework.beans.factory.UnsatisfiedDependencyException: Error creating bean with name 'adminController' defined in file [C:\Users\Ratnesh Mishra\Desktop\Vedika Project\target\classes\com\Vedika\Controller\AdminController.class]: Unsatisfied dependency expressed through constructor parameter 0: No qualifying bean of type 'com.Vedika.Service.AdminService' available: expected at least 1 bean which qualifies as autowire candidate. Dependency annotations: {}
2023-03-10T10:59:21.584+05:30  INFO 15896 --- [restartedMain] j.LocalContainerEntityManagerFactoryBean : Closing JPA EntityManagerFactory for persistence unit 'default'
2023-03-10T10:59:21.589+05:30  INFO 15896 --- [restartedMain] com.zaxxer.hikari.HikariDataSource       : HikariPool-1 - Shutdown initiated...
2023-03-10T10:59:21.617+05:30  INFO 15896 --- [restartedMain] com.zaxxer.hikari.HikariDataSource       : HikariPool-1 - Shutdown completed.
2023-03-10T10:59:21.620+05:30  INFO 15896 --- [restartedMain] o.apache.catalina.core.StandardService   : Stopping service [Tomcat]
2023-03-10T10:59:21.641+05:30  INFO 15896 --- [restartedMain] .s.b.a.l.ConditionEvaluationReportLogger : 

Error starting ApplicationContext. To display the condition evaluation report re-run your application with 'debug' enabled.
2023-03-10T10:59:21.667+05:30 ERROR 15896 --- [restartedMain] o.s.b.d.LoggingFailureAnalysisReporter   : 

***************************
APPLICATION FAILED TO START
***************************

Description:

Parameter 0 of constructor in com.Vedika.Controller.AdminController required a bean of type 'com.Vedika.Service.AdminService' that could not be found.


Action:

Consider defining a bean of type 'com.Vedika.Service.AdminService' in your configuration.

2023-03-10T10:59:39.992+05:30  INFO 1940 --- [restartedMain] com.Vedika.VedikaApplication             : Starting VedikaApplication using Java 17.0.2 with PID 1940 (C:\Users\Ratnesh Mishra\Desktop\Vedika Project\target\classes started by Ratnesh Mishra in C:\Users\Ratnesh Mishra\Desktop\Vedika Project)
2023-03-10T10:59:39.995+05:30  INFO 1940 --- [restartedMain] com.Vedika.VedikaApplication             : No active profile set, falling back to 1 default profile: "default"
2023-03-10T10:59:40.060+05:30  INFO 1940 --- [restartedMain] .e.DevToolsPropertyDefaultsPostProcessor : Devtools property defaults active! Set 'spring.devtools.add-properties' to 'false' to disable
2023-03-10T10:59:40.060+05:30  INFO 1940 --- [restartedMain] .e.DevToolsPropertyDefaultsPostProcessor : For additional web related logging consider setting the 'logging.level.web' property to 'DEBUG'
2023-03-10T10:59:42.592+05:30  INFO 1940 --- [restartedMain] .s.d.r.c.RepositoryConfigurationDelegate : Bootstrapping Spring Data JPA repositories in DEFAULT mode.
2023-03-10T10:59:42.671+05:30  INFO 1940 --- [restartedMain] .s.d.r.c.RepositoryConfigurationDelegate : Finished Spring Data repository scanning in 67 ms. Found 3 JPA repository interfaces.
2023-03-10T10:59:43.344+05:30  INFO 1940 --- [restartedMain] o.s.b.w.embedded.tomcat.TomcatWebServer  : Tomcat initialized with port(s): 8080 (http)
2023-03-10T10:59:43.354+05:30  INFO 1940 --- [restartedMain] o.apache.catalina.core.StandardService   : Starting service [Tomcat]
2023-03-10T10:59:43.356+05:30  INFO 1940 --- [restartedMain] o.apache.catalina.core.StandardEngine    : Starting Servlet engine: [Apache Tomcat/10.1.5]
2023-03-10T10:59:43.415+05:30  INFO 1940 --- [restartedMain] o.a.c.c.C.[Tomcat].[localhost].[/]       : Initializing Spring embedded WebApplicationContext
2023-03-10T10:59:43.416+05:30  INFO 1940 --- [restartedMain] w.s.c.ServletWebServerApplicationContext : Root WebApplicationContext: initialization completed in 3355 ms
2023-03-10T10:59:43.505+05:30  INFO 1940 --- [restartedMain] com.zaxxer.hikari.HikariDataSource       : HikariPool-1 - Starting...
2023-03-10T10:59:43.852+05:30  INFO 1940 --- [restartedMain] com.zaxxer.hikari.pool.HikariPool        : HikariPool-1 - Added connection conn0: url=jdbc:h2:./src/main/resources/users user=ADMIN
2023-03-10T10:59:43.854+05:30  INFO 1940 --- [restartedMain] com.zaxxer.hikari.HikariDataSource       : HikariPool-1 - Start completed.
2023-03-10T10:59:43.865+05:30  INFO 1940 --- [restartedMain] o.s.b.a.h2.H2ConsoleAutoConfiguration    : H2 console available at '/h2-console'. Database available at 'jdbc:h2:./src/main/resources/users'
2023-03-10T10:59:44.040+05:30  INFO 1940 --- [restartedMain] o.hibernate.jpa.internal.util.LogHelper  : HHH000204: Processing PersistenceUnitInfo [name: default]
2023-03-10T10:59:44.124+05:30  INFO 1940 --- [restartedMain] org.hibernate.Version                    : HHH000412: Hibernate ORM core version 6.1.7.Final
2023-03-10T10:59:44.374+05:30  INFO 1940 --- [restartedMain] SQL dialect                              : HHH000400: Using dialect: org.hibernate.dialect.H2Dialect
2023-03-10T10:59:45.187+05:30  INFO 1940 --- [restartedMain] o.h.e.t.j.p.i.JtaPlatformInitiator       : HHH000490: Using JtaPlatform implementation: [org.hibernate.engine.transaction.jta.platform.internal.NoJtaPlatform]
2023-03-10T10:59:45.195+05:30  INFO 1940 --- [restartedMain] j.LocalContainerEntityManagerFactoryBean : Initialized JPA EntityManagerFactory for persistence unit 'default'
2023-03-10T10:59:45.601+05:30  WARN 1940 --- [restartedMain] JpaBaseConfiguration$JpaWebConfiguration : spring.jpa.open-in-view is enabled by default. Therefore, database queries may be performed during view rendering. Explicitly configure spring.jpa.open-in-view to disable this warning
2023-03-10T10:59:45.766+05:30  INFO 1940 --- [restartedMain] o.s.b.a.w.s.WelcomePageHandlerMapping    : Adding welcome page template: index
2023-03-10T10:59:46.212+05:30  INFO 1940 --- [restartedMain] o.s.b.d.a.OptionalLiveReloadServer       : LiveReload server is running on port 35729
2023-03-10T10:59:46.219+05:30  INFO 1940 --- [restartedMain] o.s.b.a.e.web.EndpointLinksResolver      : Exposing 14 endpoint(s) beneath base path '/actuator'
2023-03-10T10:59:46.305+05:30  INFO 1940 --- [restartedMain] o.s.b.w.embedded.tomcat.TomcatWebServer  : Tomcat started on port(s): 8080 (http) with context path ''
2023-03-10T10:59:46.321+05:30  INFO 1940 --- [restartedMain] com.Vedika.VedikaApplication             : Started VedikaApplication in 6.971 seconds (process running for 7.939)
2023-03-10T11:00:00.650+05:30  INFO 1940 --- [http-nio-8080-exec-1] o.a.c.c.C.[Tomcat].[localhost].[/]       : Initializing Spring DispatcherServlet 'dispatcherServlet'
2023-03-10T11:00:00.651+05:30  INFO 1940 --- [http-nio-8080-exec-1] o.s.web.servlet.DispatcherServlet        : Initializing Servlet 'dispatcherServlet'
2023-03-10T11:00:00.663+05:30  INFO 1940 --- [http-nio-8080-exec-1] o.s.web.servlet.DispatcherServlet        : Completed initialization in 8 ms
2023-03-10T11:00:01.482+05:30  WARN 1940 --- [registrationTask1] d.c.b.a.c.r.ApplicationRegistrator       : Failed to register application as Application(name=Vedika, managementUrl=http://Ratnesh-Mishra:8080/actuator, healthUrl=http://Ratnesh-Mishra:8080/actuator/health, serviceUrl=http://Ratnesh-Mishra:8080/) at spring-boot-admin ([http://localhost:8081/instances]): I/O error on POST request for "http://localhost:8081/instances": Connection refused: no further information. Further attempts are logged on DEBUG level
2023-03-10T11:17:19.328+05:30  INFO 1940 --- [SpringApplicationShutdownHook] j.LocalContainerEntityManagerFactoryBean : Closing JPA EntityManagerFactory for persistence unit 'default'
2023-03-10T11:17:19.332+05:30  INFO 1940 --- [SpringApplicationShutdownHook] com.zaxxer.hikari.HikariDataSource       : HikariPool-1 - Shutdown initiated...
2023-03-10T11:17:19.335+05:30  INFO 1940 --- [SpringApplicationShutdownHook] com.zaxxer.hikari.HikariDataSource       : HikariPool-1 - Shutdown completed.
